Arguments: 
  /Users/za-mari/.nvm/versions/node/v16.11.0/bin/node /usr/local/Cellar/yarn/1.22.17_2/libexec/bin/yarn.js run dev

PATH: 
  /Users/za-mari/.nvm/versions/node/v16.11.0/bin:/usr/local/bin:/usr/local/sbin:/Library/Frameworks/Python.framework/Versions/3.9/bin:/usr/local/bin:/System/Cryptexes/App/usr/bin:/usr/bin:/bin:/usr/sbin:/sbin:/Library/Apple/usr/bin:/Users/za-mari/.nvm/versions/node/v16.11.0/bin:/usr/local/sbin:/Library/Frameworks/Python.framework/Versions/3.9/bin

Yarn version: 
  1.22.17

Node version: 
  16.11.0

Platform: 
  darwin x64

Trace: 
  SyntaxError: /Users/za-mari/Desktop/my-monorepo/packages/root-config/package.json: Unexpected token / in JSON at position 426
      at JSON.parse (<anonymous>)
      at /usr/local/Cellar/yarn/1.22.17_2/libexec/lib/cli.js:1625:59
      at Generator.next (<anonymous>)
      at step (/usr/local/Cellar/yarn/1.22.17_2/libexec/lib/cli.js:310:30)
      at /usr/local/Cellar/yarn/1.22.17_2/libexec/lib/cli.js:321:13

npm manifest: 
  {
    "name": "root-config",
    "version": "1.0.0",
    "description": "root-config single-spa micro-frontend",
    "main": "/src/main.ts",
    "author": "za-mari",
    "license": "MIT",
    "private": true,
    "scripts": {
      "dev": "webpack-dev-server --config ./webpack/webpack.dev.config.js",
      "build": "echo \"Error: no build specified\" && exit 1"
    },
    "dependencies": {
      "core-js": "^3.26.0",
      "single-spa": "^5.9.4"
      // "systemjs": "^6.13.0"
    },
    "devDependencies": {
      "@babel/core": "^7.19.6",
      "@babel/plugin-syntax-dynamic-import": "^7.8.3",
      "@babel/preset-env": "^7.19.4",
      "@babel/preset-react": "^7.18.6",
      "@babel/preset-typescript": "^7.18.6",
      "@babel/runtime-corejs3": "^7.20.1",
      "babel-loader": "^8.2.5",
      "css-loader": "^6.7.1",
      "html-webpack-plugin": "^5.5.0",
      "less": "^4.1.3",
      "less-loader": "^11.1.0",
      "postcss": "^8.4.18",
      "postcss-loader": "^7.0.1",
      "style-loader": "^3.3.1",
      "webpack": "^5.74.0",
      "webpack-cli": "^4.10.0",
      "webpack-dev-middleware": "^5.3.3",
      "webpack-dev-server": "^4.11.1"
    }
  }

yarn manifest: 
  No manifest

Lockfile: 
  No lockfile
